16:15:24.676 INFO - Launching a standalone server
Setting system property webdriver.chrome.driver to node_modules/chromedriver/lib/chromedriver/chromedriver.exe
16:15:24.834 INFO - Java: Oracle Corporation 24.51-b03
16:15:24.834 INFO - OS: Windows 8 6.2 amd64
16:15:24.847 INFO - v2.43.1, with Core v2.43.1. Built from revision 5163bce
16:15:24.968 INFO - RemoteWebDriver instances should connect to: http://127.0.0.1:4444/wd/hub
16:15:24.969 INFO - Version Jetty/5.1.x
16:15:24.969 INFO - Started HttpContext[/selenium-server/driver,/selenium-server/driver]
16:15:24.970 INFO - Started HttpContext[/selenium-server,/selenium-server]
16:15:24.970 INFO - Started HttpContext[/,/]
16:15:25.009 INFO - Started org.openqa.jetty.jetty.servlet.ServletHandler@53b02da
16:15:25.010 INFO - Started HttpContext[/wd,/wd]
16:15:25.014 INFO - Started SocketListener on 0.0.0.0:4444
16:15:25.014 INFO - Started org.openqa.jetty.jetty.Server@6c4c01ae
16:15:25.232 INFO - Executing: [new session: Capabilities [{platform=ANY, javascriptEnabled=true, acceptSslCerts=true, browserName=chrome, name=App Test, chromeOptions={args=[--window-size=1280,800]}}]])
16:15:25.243 INFO - Creating a new session for Capabilities [{platform=ANY, javascriptEnabled=true, acceptSslCerts=true, browserName=chrome, name=App Test, chromeOptions={args=[--window-size=1280,800]}}]
Starting ChromeDriver 2.14.313457 (3d645c400edf2e2c500566c9aa096063e707c9cf) on port 10832
Only local connections are allowed.
16:15:26.983 INFO - Done: [new session: Capabilities [{platform=ANY, javascriptEnabled=true, acceptSslCerts=true, browserName=chrome, name=App Test, chromeOptions={args=[--window-size=1280,800]}}]]
16:15:27.000 INFO - Executing: [get: http://localhost:8000])
16:15:30.159 INFO - Done: [get: http://localhost:8000]
16:15:30.171 INFO - Executing: [find element: By.selector: body])
16:15:30.213 INFO - Done: [find element: By.selector: body]
16:15:30.216 INFO - Executing: [is displayed: 0 [[ChromeDriver: chrome on WIN8 (f51ff34d25317a767585947603d13ddc)] -> css selector: body]])
16:15:30.230 INFO - Done: [is displayed: 0 [[ChromeDriver: chrome on WIN8 (f51ff34d25317a767585947603d13ddc)] -> css selector: body]]
16:15:30.236 INFO - Executing: [get title])
16:15:30.241 INFO - Done: [get title]
16:15:30.248 INFO - Executing: [get: http://localhost:8000])
16:15:30.358 INFO - Done: [get: http://localhost:8000]
16:15:30.365 INFO - Executing: [find element: By.selector: table])
16:15:30.393 INFO - Done: [find element: By.selector: table]
16:15:30.396 INFO - Executing: [is displayed: 1 [[ChromeDriver: chrome on WIN8 (f51ff34d25317a767585947603d13ddc)] -> css selector: table]])
16:15:30.411 INFO - Done: [is displayed: 1 [[ChromeDriver: chrome on WIN8 (f51ff34d25317a767585947603d13ddc)] -> css selector: table]]
16:15:30.415 INFO - Executing: [find element: By.selector: tr:nth-child(7) td])
16:15:30.432 INFO - Done: [find element: By.selector: tr:nth-child(7) td]
16:15:30.436 INFO - Executing: [click: 2 [[ChromeDriver: chrome on WIN8 (f51ff34d25317a767585947603d13ddc)] -> css selector: tr:nth-child(7) td]])
16:15:30.485 INFO - Done: [click: 2 [[ChromeDriver: chrome on WIN8 (f51ff34d25317a767585947603d13ddc)] -> css selector: tr:nth-child(7) td]]
16:15:30.510 INFO - Executing: [find element: By.selector: tr:nth-child(7) td])
16:15:30.532 INFO - Done: [find element: By.selector: tr:nth-child(7) td]
16:15:30.537 INFO - Executing: [get element attribute: 2 [[ChromeDriver: chrome on WIN8 (f51ff34d25317a767585947603d13ddc)] -> css selector: tr:nth-child(7) td], class])
16:15:30.552 INFO - Done: [get element attribute: 2 [[ChromeDriver: chrome on WIN8 (f51ff34d25317a767585947603d13ddc)] -> css selector: tr:nth-child(7) td], class]
16:15:30.558 INFO - Executing: [find element: By.selector: tr:nth-child(7) td:nth-child(2)])
16:15:30.585 INFO - Done: [find element: By.selector: tr:nth-child(7) td:nth-child(2)]
16:15:30.589 INFO - Executing: [get element attribute: 3 [[ChromeDriver: chrome on WIN8 (f51ff34d25317a767585947603d13ddc)] -> css selector: tr:nth-child(7) td:nth-child(2)], class])
16:15:30.623 INFO - Done: [get element attribute: 3 [[ChromeDriver: chrome on WIN8 (f51ff34d25317a767585947603d13ddc)] -> css selector: tr:nth-child(7) td:nth-child(2)], class]
16:15:30.629 INFO - Executing: [find element: By.selector: tr:nth-child(6) td])
16:15:30.653 INFO - Done: [find element: By.selector: tr:nth-child(6) td]
16:15:30.657 INFO - Executing: [get element attribute: 4 [[ChromeDriver: chrome on WIN8 (f51ff34d25317a767585947603d13ddc)] -> css selector: tr:nth-child(6) td], class])
16:15:30.675 INFO - Done: [get element attribute: 4 [[ChromeDriver: chrome on WIN8 (f51ff34d25317a767585947603d13ddc)] -> css selector: tr:nth-child(6) td], class]
16:15:30.683 INFO - Executing: [find element: By.selector: tr:nth-child(6) td:nth-child(2)])
16:15:30.719 INFO - Done: [find element: By.selector: tr:nth-child(6) td:nth-child(2)]
16:15:30.723 INFO - Executing: [get element attribute: 5 [[ChromeDriver: chrome on WIN8 (f51ff34d25317a767585947603d13ddc)] -> css selector: tr:nth-child(6) td:nth-child(2)], class])
16:15:30.741 INFO - Done: [get element attribute: 5 [[ChromeDriver: chrome on WIN8 (f51ff34d25317a767585947603d13ddc)] -> css selector: tr:nth-child(6) td:nth-child(2)], class]
16:15:30.746 INFO - Executing: [find element: By.selector: tr:nth-child(8) td:nth-child(2)])
16:15:30.770 INFO - Done: [find element: By.selector: tr:nth-child(8) td:nth-child(2)]
16:15:30.776 INFO - Executing: [get element attribute: 6 [[ChromeDriver: chrome on WIN8 (f51ff34d25317a767585947603d13ddc)] -> css selector: tr:nth-child(8) td:nth-child(2)], class])
16:15:30.798 INFO - Done: [get element attribute: 6 [[ChromeDriver: chrome on WIN8 (f51ff34d25317a767585947603d13ddc)] -> css selector: tr:nth-child(8) td:nth-child(2)], class]
16:15:30.805 INFO - Executing: [find element: By.selector: tr:nth-child(5) td:nth-child(2)])
16:15:30.840 INFO - Done: [find element: By.selector: tr:nth-child(5) td:nth-child(2)]
16:15:30.844 INFO - Executing: [click: 7 [[ChromeDriver: chrome on WIN8 (f51ff34d25317a767585947603d13ddc)] -> css selector: tr:nth-child(5) td:nth-child(2)]])
16:15:30.904 INFO - Done: [click: 7 [[ChromeDriver: chrome on WIN8 (f51ff34d25317a767585947603d13ddc)] -> css selector: tr:nth-child(5) td:nth-child(2)]]
16:15:30.929 INFO - Executing: [find element: By.selector: tr:nth-child(5) td:nth-child(2)])
16:15:30.943 INFO - Done: [find element: By.selector: tr:nth-child(5) td:nth-child(2)]
16:15:30.950 INFO - Executing: [get element attribute: 7 [[ChromeDriver: chrome on WIN8 (f51ff34d25317a767585947603d13ddc)] -> css selector: tr:nth-child(5) td:nth-child(2)], class])
16:15:30.965 INFO - Done: [get element attribute: 7 [[ChromeDriver: chrome on WIN8 (f51ff34d25317a767585947603d13ddc)] -> css selector: tr:nth-child(5) td:nth-child(2)], class]
16:15:30.972 INFO - Executing: [find element: By.selector: tr:nth-child(3) td:nth-child(3)])
16:15:30.999 INFO - Done: [find element: By.selector: tr:nth-child(3) td:nth-child(3)]
16:15:31.003 INFO - Executing: [click: 8 [[ChromeDriver: chrome on WIN8 (f51ff34d25317a767585947603d13ddc)] -> css selector: tr:nth-child(3) td:nth-child(3)]])
16:15:31.052 INFO - Done: [click: 8 [[ChromeDriver: chrome on WIN8 (f51ff34d25317a767585947603d13ddc)] -> css selector: tr:nth-child(3) td:nth-child(3)]]
16:15:31.067 INFO - Executing: [find element: By.selector: tr:nth-child(3) td:nth-child(3)])
16:15:31.087 INFO - Done: [find element: By.selector: tr:nth-child(3) td:nth-child(3)]
16:15:31.089 INFO - Executing: [get element attribute: 8 [[ChromeDriver: chrome on WIN8 (f51ff34d25317a767585947603d13ddc)] -> css selector: tr:nth-child(3) td:nth-child(3)], class])
16:15:31.099 INFO - Done: [get element attribute: 8 [[ChromeDriver: chrome on WIN8 (f51ff34d25317a767585947603d13ddc)] -> css selector: tr:nth-child(3) td:nth-child(3)], class]
16:15:31.104 INFO - Executing: [find element: By.selector: tr:nth-child(1) td:nth-child(4)])
16:15:31.130 INFO - Done: [find element: By.selector: tr:nth-child(1) td:nth-child(4)]
16:15:31.134 INFO - Executing: [click: 9 [[ChromeDriver: chrome on WIN8 (f51ff34d25317a767585947603d13ddc)] -> css selector: tr:nth-child(1) td:nth-child(4)]])
16:15:31.184 INFO - Done: [click: 9 [[ChromeDriver: chrome on WIN8 (f51ff34d25317a767585947603d13ddc)] -> css selector: tr:nth-child(1) td:nth-child(4)]]
16:15:31.210 INFO - Executing: [find element: By.selector: tr:nth-child(1) td:nth-child(4)])
16:15:31.232 INFO - Done: [find element: By.selector: tr:nth-child(1) td:nth-child(4)]
16:15:31.238 INFO - Executing: [get element attribute: 9 [[ChromeDriver: chrome on WIN8 (f51ff34d25317a767585947603d13ddc)] -> css selector: tr:nth-child(1) td:nth-child(4)], class])
16:15:31.250 INFO - Done: [get element attribute: 9 [[ChromeDriver: chrome on WIN8 (f51ff34d25317a767585947603d13ddc)] -> css selector: tr:nth-child(1) td:nth-child(4)], class]
16:15:31.255 INFO - Executing: [find element: By.selector: tr:nth-child(6) td:nth-child(5)])
16:15:31.283 INFO - Done: [find element: By.selector: tr:nth-child(6) td:nth-child(5)]
16:15:31.288 INFO - Executing: [click: 10 [[ChromeDriver: chrome on WIN8 (f51ff34d25317a767585947603d13ddc)] -> css selector: tr:nth-child(6) td:nth-child(5)]])
16:15:31.339 INFO - Done: [click: 10 [[ChromeDriver: chrome on WIN8 (f51ff34d25317a767585947603d13ddc)] -> css selector: tr:nth-child(6) td:nth-child(5)]]
16:15:31.353 INFO - Executing: [find element: By.selector: tr:nth-child(6) td:nth-child(5)])
16:15:31.372 INFO - Done: [find element: By.selector: tr:nth-child(6) td:nth-child(5)]
16:15:31.376 INFO - Executing: [get element attribute: 10 [[ChromeDriver: chrome on WIN8 (f51ff34d25317a767585947603d13ddc)] -> css selector: tr:nth-child(6) td:nth-child(5)], class])
16:15:31.391 INFO - Done: [get element attribute: 10 [[ChromeDriver: chrome on WIN8 (f51ff34d25317a767585947603d13ddc)] -> css selector: tr:nth-child(6) td:nth-child(5)], class]
16:15:31.397 INFO - Executing: [find element: By.selector: tr:nth-child(8) td:nth-child(6)])
16:15:31.420 INFO - Done: [find element: By.selector: tr:nth-child(8) td:nth-child(6)]
16:15:31.424 INFO - Executing: [click: 11 [[ChromeDriver: chrome on WIN8 (f51ff34d25317a767585947603d13ddc)] -> css selector: tr:nth-child(8) td:nth-child(6)]])
16:15:31.477 INFO - Done: [click: 11 [[ChromeDriver: chrome on WIN8 (f51ff34d25317a767585947603d13ddc)] -> css selector: tr:nth-child(8) td:nth-child(6)]]
16:15:31.493 INFO - Executing: [find element: By.selector: tr:nth-child(8) td:nth-child(6)])
16:15:31.517 INFO - Done: [find element: By.selector: tr:nth-child(8) td:nth-child(6)]
16:15:31.521 INFO - Executing: [get element attribute: 11 [[ChromeDriver: chrome on WIN8 (f51ff34d25317a767585947603d13ddc)] -> css selector: tr:nth-child(8) td:nth-child(6)], class])
16:15:31.538 INFO - Done: [get element attribute: 11 [[ChromeDriver: chrome on WIN8 (f51ff34d25317a767585947603d13ddc)] -> css selector: tr:nth-child(8) td:nth-child(6)], class]
16:15:31.541 INFO - Executing: [find element: By.selector: tr:nth-child(2) td:nth-child(7)])
16:15:31.563 INFO - Done: [find element: By.selector: tr:nth-child(2) td:nth-child(7)]
16:15:31.567 INFO - Executing: [click: 12 [[ChromeDriver: chrome on WIN8 (f51ff34d25317a767585947603d13ddc)] -> css selector: tr:nth-child(2) td:nth-child(7)]])
16:15:31.616 INFO - Done: [click: 12 [[ChromeDriver: chrome on WIN8 (f51ff34d25317a767585947603d13ddc)] -> css selector: tr:nth-child(2) td:nth-child(7)]]
16:15:31.632 INFO - Executing: [find element: By.selector: tr:nth-child(2) td:nth-child(7)])
16:15:31.651 INFO - Done: [find element: By.selector: tr:nth-child(2) td:nth-child(7)]
16:15:31.653 INFO - Executing: [get element attribute: 12 [[ChromeDriver: chrome on WIN8 (f51ff34d25317a767585947603d13ddc)] -> css selector: tr:nth-child(2) td:nth-child(7)], class])
16:15:31.664 INFO - Done: [get element attribute: 12 [[ChromeDriver: chrome on WIN8 (f51ff34d25317a767585947603d13ddc)] -> css selector: tr:nth-child(2) td:nth-child(7)], class]
16:15:31.669 INFO - Executing: [find element: By.selector: tr:nth-child(4) td:nth-child(8)])
16:15:31.691 INFO - Done: [find element: By.selector: tr:nth-child(4) td:nth-child(8)]
16:15:31.696 INFO - Executing: [click: 13 [[ChromeDriver: chrome on WIN8 (f51ff34d25317a767585947603d13ddc)] -> css selector: tr:nth-child(4) td:nth-child(8)]])
16:15:31.772 INFO - Done: [click: 13 [[ChromeDriver: chrome on WIN8 (f51ff34d25317a767585947603d13ddc)] -> css selector: tr:nth-child(4) td:nth-child(8)]]
16:15:31.786 INFO - Executing: [find element: By.selector: tr:nth-child(4) td:nth-child(8)])
16:15:31.819 INFO - Done: [find element: By.selector: tr:nth-child(4) td:nth-child(8)]
16:15:31.822 INFO - Executing: [get element attribute: 13 [[ChromeDriver: chrome on WIN8 (f51ff34d25317a767585947603d13ddc)] -> css selector: tr:nth-child(4) td:nth-child(8)], class])
16:15:31.836 INFO - Done: [get element attribute: 13 [[ChromeDriver: chrome on WIN8 (f51ff34d25317a767585947603d13ddc)] -> css selector: tr:nth-child(4) td:nth-child(8)], class]
16:15:31.848 INFO - Executing: [delete session: 26511306-1902-4d0f-9882-d1d58a236997])
16:15:33.201 INFO - Done: [delete session: 26511306-1902-4d0f-9882-d1d58a236997]
